2011/06/19 17:32:24 [error] [exception.CDbException] could not find driver
2011/06/19 17:32:24 [error] [exception.CDbException] exception 'CDbException' with message 'CDbConnection failed to open the DB connection.' in /Users/jeff/codebase/austinphp-frameworks/yii-1.1.7/db/CDbConnection.php:354
Stack trace:
#0 /Users/jeff/codebase/austinphp-frameworks/yii-1.1.7/db/CDbConnection.php(297): CDbConnection->open()
#1 /Users/jeff/codebase/austinphp-frameworks/yii-1.1.7/db/CDbConnection.php(275): CDbConnection->setActive(true)
#2 /Users/jeff/codebase/austinphp-frameworks/yii-1.1.7/base/CModule.php(372): CDbConnection->init()
#3 /Users/jeff/codebase/austinphp-frameworks/yii-1.1.7/base/CApplication.php(426): CModule->getComponent('db')
#4 /Users/jeff/codebase/austinphp-frameworks/yii-1.1.7/db/ar/CActiveRecord.php(607): CApplication->getDb()
#5 /Users/jeff/codebase/austinphp-frameworks/yii-1.1.7/db/ar/CActiveRecord.php(2236): CActiveRecord->getDbConnection()
#6 /Users/jeff/codebase/austinphp-frameworks/yii-1.1.7/db/ar/CActiveRecord.php(371): CActiveRecordMetaData->__construct(Object(Post))
#7 /Users/jeff/codebase/austinphp-frameworks/yii-1.1.7/web/CActiveDataProvider.php(72): CActiveRecord::model('Post')
#8 /Users/jeff/codebase/austinphp-frameworks/blog/protected/controllers/PostController.php(132): CActiveDataProvider->__construct('Post', Array)
#9 /Users/jeff/codebase/austinphp-frameworks/yii-1.1.7/web/actions/CInlineAction.php(50): PostController->actionIndex()
#10 /Users/jeff/codebase/austinphp-frameworks/yii-1.1.7/web/CController.php(300): CInlineAction->runWithParams(Array)
#11 /Users/jeff/codebase/austinphp-frameworks/yii-1.1.7/web/filters/CFilterChain.php(133): CController->runAction(Object(CInlineAction))
#12 /Users/jeff/codebase/austinphp-frameworks/yii-1.1.7/web/filters/CFilter.php(41): CFilterChain->run()
#13 /Users/jeff/codebase/austinphp-frameworks/yii-1.1.7/web/CController.php(1122): CFilter->filter(Object(CFilterChain))
#14 /Users/jeff/codebase/austinphp-frameworks/yii-1.1.7/web/filters/CInlineFilter.php(59): CController->filterAccessControl(Object(CFilterChain))
#15 /Users/jeff/codebase/austinphp-frameworks/yii-1.1.7/web/filters/CFilterChain.php(130): CInlineFilter->filter(Object(CFilterChain))
#16 /Users/jeff/codebase/austinphp-frameworks/yii-1.1.7/web/CController.php(283): CFilterChain->run()
#17 /Users/jeff/codebase/austinphp-frameworks/yii-1.1.7/web/CController.php(257): CController->runActionWithFilters(Object(CInlineAction), Array)
#18 /Users/jeff/codebase/austinphp-frameworks/yii-1.1.7/web/CWebApplication.php(328): CController->run('')
#19 /Users/jeff/codebase/austinphp-frameworks/yii-1.1.7/web/CWebApplication.php(121): CWebApplication->runController('')
#20 /Users/jeff/codebase/austinphp-frameworks/yii-1.1.7/base/CApplication.php(155): CWebApplication->processRequest()
#21 /Users/jeff/codebase/austinphp-frameworks/blog/index.php(11): CApplication->run()
#22 {main} REQUEST_URI=/
